<?xml version="1.0" encoding="UTF-8"?>
<!-- Generated by org.testng.reporters.JUnitReportReporter -->
<testsuite hostname="DESKTOP-BOT5NMH" name="com.sele.IffcoTower.Login" tests="8" failures="0" timestamp="7 Mar 2018 06:02:50 GMT" time="60.027" errors="0">
  <testcase name="buy" time="1.639" classname="com.sele.IffcoTower.Login"/>
  <testcase name="deta" time="3.241" classname="com.sele.IffcoTower.Login"/>
  <testcase name="click" time="2.820" classname="com.sele.IffcoTower.Login"/>
  <testcase name="runurl" time="31.969" classname="com.sele.IffcoTower.Login"/>
  <testcase name="nomi" time="3.771" classname="com.sele.IffcoTower.Login"/>
  <testcase name="form" time="11.994" classname="com.sele.IffcoTower.Login"/>
  <testcase name="healthinsuarnce" time="0.639" classname="com.sele.IffcoTower.Login"/>
  <testcase name="familyheal" time="3.954" classname="com.sele.IffcoTower.Login"/>
</testsuite> <!-- com.sele.IffcoTower.Login -->
